<?xml version="1.0" encoding="UTF-8"?>
<testng-results ignored="0" total="1" passed="1" failed="0" skipped="0">
  <reporter-output>
  </reporter-output>
  <suite started-at="2024-01-02T15:57:02 IST" name="Suite" finished-at="2024-01-02T15:57:07 IST" duration-ms="5948">
    <groups>
    </groups>
    <test started-at="2024-01-02T15:57:02 IST" name="FBAppicationTest" finished-at="2024-01-02T15:57:07 IST" duration-ms="5948">
      <class name="TestLayer.CreateNewAccountPageTest">
        <test-method is-config="true" signature="setUp()[pri:0, instance:TestLayer.CreateNewAccountPageTest@53aac487]" started-at="2024-01-02T15:57:02 IST" name="setUp" finished-at="2024-01-02T15:57:05 IST" duration-ms="3605" status="PASS">
          <reporter-output>
          </reporter-output>
        </test-method> <!-- setUp -->
        <test-method signature="validatecreateNewUser()[pri:0, instance:TestLayer.CreateNewAccountPageTest@53aac487]" started-at="2024-01-02T15:57:05 IST" name="validatecreateNewUser" finished-at="2024-01-02T15:57:07 IST" duration-ms="1527" status="PASS">
          <reporter-output>
          </reporter-output>
        </test-method> <!-- validatecreateNewUser -->
        <test-method is-config="true" signature="tearDown()[pri:0, instance:TestLayer.CreateNewAccountPageTest@53aac487]" started-at="2024-01-02T15:57:07 IST" name="tearDown" finished-at="2024-01-02T15:57:07 IST" duration-ms="227" status="PASS">
          <reporter-output>
          </reporter-output>
        </test-method> <!-- tearDown -->
      </class> <!-- TestLayer.CreateNewAccountPageTest -->
    </test> <!-- FBAppicationTest -->
  </suite> <!-- Suite -->
</testng-results>
